<?xml version="1.0" encoding="UTF-8"?>
<testng-results ignored="0" total="12" passed="10" failed="2" skipped="0">
  <reporter-output>
  </reporter-output>
  <suite started-at="2024-04-04T04:33:21 EDT" name="Surefire suite" finished-at="2024-04-04T04:35:51 EDT" duration-ms="150255">
    <groups>
      <group name="cucumber">
        <method signature="AbstractTestNGCucumberTests.runScenario(io.cucumber.testng.PickleWrapper,io.cucumber.testng.FeatureWrapper)[pri:0, instance:cucumber.TestNgRunner1@34b7ac2f]" name="runScenario" class="io.cucumber.testng.AbstractTestNGCucumberTests"/>
      </group> <!-- cucumber -->
    </groups>
    <test started-at="2024-04-04T04:33:21 EDT" name="Surefire test" finished-at="2024-04-04T04:35:51 EDT" duration-ms="150255">
      <class name="POMproject.WebsiteTestingMay2023.BaseShoppingTest">
        <test-method is-config="true" signature="launchapplication()[pri:0, instance:POMproject.WebsiteTestingMay2023.BaseShoppingTest@359df09a]" started-at="2024-04-04T04:33:39 EDT" name="launchapplication" finished-at="2024-04-04T04:33:46 EDT" duration-ms="7485" status="PASS">
          <reporter-output>
          </reporter-output>
        </test-method> <!-- launchapplication -->
        <test-method signature="submittest(java.util.HashMap)[pri:0, instance:POMproject.WebsiteTestingMay2023.BaseShoppingTest@359df09a]" started-at="2024-04-04T04:33:46 EDT" name="submittest" data-provider="getdatasubmitjson" finished-at="2024-04-04T04:33:55 EDT" duration-ms="8958" status="PASS">
          <params>
            <param index="0">
              <value>
                <![CDATA[{countryname=ind, productname=adidas original, password=123456, email=jaibirsingh1312@gmail.com}]]>
              </value>
            </param>
          </params>
          <reporter-output>
          </reporter-output>
        </test-method> <!-- submittest -->
        <test-method is-config="true" signature="closebrowser()[pri:0, instance:POMproject.WebsiteTestingMay2023.BaseShoppingTest@359df09a]" started-at="2024-04-04T04:33:55 EDT" name="closebrowser" finished-at="2024-04-04T04:33:55 EDT" duration-ms="317" status="PASS">
          <reporter-output>
          </reporter-output>
        </test-method> <!-- closebrowser -->
        <test-method is-config="true" signature="launchapplication()[pri:0, instance:POMproject.WebsiteTestingMay2023.BaseShoppingTest@359df09a]" started-at="2024-04-04T04:33:55 EDT" name="launchapplication" finished-at="2024-04-04T04:34:03 EDT" duration-ms="7299" status="PASS">
          <reporter-output>
          </reporter-output>
        </test-method> <!-- launchapplication -->
        <test-method signature="submittest(java.util.HashMap)[pri:0, instance:POMproject.WebsiteTestingMay2023.BaseShoppingTest@359df09a]" started-at="2024-04-04T04:34:03 EDT" name="submittest" data-provider="getdatasubmitjson" finished-at="2024-04-04T04:34:11 EDT" duration-ms="7919" status="PASS">
          <params>
            <param index="0">
              <value>
                <![CDATA[{countryname=bri, productname=zara coat 3, password=@Ks123456, email=jaibirsingh131213@gmail.com}]]>
              </value>
            </param>
          </params>
          <reporter-output>
          </reporter-output>
        </test-method> <!-- submittest -->
        <test-method is-config="true" signature="closebrowser()[pri:0, instance:POMproject.WebsiteTestingMay2023.BaseShoppingTest@359df09a]" started-at="2024-04-04T04:34:11 EDT" name="closebrowser" finished-at="2024-04-04T04:34:11 EDT" duration-ms="293" status="PASS">
          <reporter-output>
          </reporter-output>
        </test-method> <!-- closebrowser -->
        <test-method is-config="true" signature="launchapplication()[pri:0, instance:POMproject.WebsiteTestingMay2023.BaseShoppingTest@359df09a]" started-at="2024-04-04T04:34:11 EDT" name="launchapplication" finished-at="2024-04-04T04:34:18 EDT" duration-ms="6934" status="PASS">
          <reporter-output>
          </reporter-output>
        </test-method> <!-- launchapplication -->
        <test-method signature="verifycarttest(java.util.HashMap)[pri:0, instance:POMproject.WebsiteTestingMay2023.BaseShoppingTest@359df09a]" started-at="2024-04-04T04:34:18 EDT" name="verifycarttest" data-provider="getdatasubmitjson" finished-at="2024-04-04T04:34:29 EDT" depends-on-methods="POMproject.WebsiteTestingMay2023.BaseShoppingTest.submittest" duration-ms="11381" status="PASS">
          <params>
            <param index="0">
              <value>
                <![CDATA[{countryname=ind, productname=adidas original, password=123456, email=jaibirsingh1312@gmail.com}]]>
              </value>
            </param>
          </params>
          <reporter-output>
          </reporter-output>
        </test-method> <!-- verifycarttest -->
        <test-method is-config="true" signature="closebrowser()[pri:0, instance:POMproject.WebsiteTestingMay2023.BaseShoppingTest@359df09a]" started-at="2024-04-04T04:34:29 EDT" name="closebrowser" finished-at="2024-04-04T04:34:30 EDT" duration-ms="376" status="PASS">
          <reporter-output>
          </reporter-output>
        </test-method> <!-- closebrowser -->
        <test-method is-config="true" signature="launchapplication()[pri:0, instance:POMproject.WebsiteTestingMay2023.BaseShoppingTest@359df09a]" started-at="2024-04-04T04:34:30 EDT" name="launchapplication" finished-at="2024-04-04T04:34:37 EDT" duration-ms="7520" status="PASS">
          <reporter-output>
          </reporter-output>
        </test-method> <!-- launchapplication -->
        <test-method signature="verifycarttest(java.util.HashMap)[pri:0, instance:POMproject.WebsiteTestingMay2023.BaseShoppingTest@359df09a]" started-at="2024-04-04T04:34:37 EDT" name="verifycarttest" data-provider="getdatasubmitjson" finished-at="2024-04-04T04:34:49 EDT" depends-on-methods="POMproject.WebsiteTestingMay2023.BaseShoppingTest.submittest" duration-ms="11341" status="PASS">
          <params>
            <param index="0">
              <value>
                <![CDATA[{countryname=bri, productname=zara coat 3, password=@Ks123456, email=jaibirsingh131213@gmail.com}]]>
              </value>
            </param>
          </params>
          <reporter-output>
          </reporter-output>
        </test-method> <!-- verifycarttest -->
        <test-method is-config="true" signature="closebrowser()[pri:0, instance:POMproject.WebsiteTestingMay2023.BaseShoppingTest@359df09a]" started-at="2024-04-04T04:34:49 EDT" name="closebrowser" finished-at="2024-04-04T04:34:49 EDT" duration-ms="219" status="PASS">
          <reporter-output>
          </reporter-output>
        </test-method> <!-- closebrowser -->
        <test-method is-config="true" signature="launchapplication()[pri:0, instance:POMproject.WebsiteTestingMay2023.BaseShoppingTest@359df09a]" started-at="2024-04-04T04:34:49 EDT" name="launchapplication" finished-at="2024-04-04T04:34:55 EDT" duration-ms="6627" status="PASS">
          <reporter-output>
          </reporter-output>
        </test-method> <!-- launchapplication -->
        <test-method signature="verifyordertest(java.util.HashMap)[pri:0, instance:POMproject.WebsiteTestingMay2023.BaseShoppingTest@359df09a]" started-at="2024-04-04T04:34:55 EDT" name="verifyordertest" data-provider="getdatasubmitjson" finished-at="2024-04-04T04:34:57 EDT" depends-on-methods="POMproject.WebsiteTestingMay2023.BaseShoppingTest.submittest" duration-ms="1726" status="PASS">
          <params>
            <param index="0">
              <value>
                <![CDATA[{countryname=ind, productname=adidas original, password=123456, email=jaibirsingh1312@gmail.com}]]>
              </value>
            </param>
          </params>
          <reporter-output>
          </reporter-output>
        </test-method> <!-- verifyordertest -->
        <test-method is-config="true" signature="closebrowser()[pri:0, instance:POMproject.WebsiteTestingMay2023.BaseShoppingTest@359df09a]" started-at="2024-04-04T04:34:57 EDT" name="closebrowser" finished-at="2024-04-04T04:34:57 EDT" duration-ms="208" status="PASS">
          <reporter-output>
          </reporter-output>
        </test-method> <!-- closebrowser -->
        <test-method is-config="true" signature="launchapplication()[pri:0, instance:POMproject.WebsiteTestingMay2023.BaseShoppingTest@359df09a]" started-at="2024-04-04T04:34:57 EDT" name="launchapplication" finished-at="2024-04-04T04:35:04 EDT" duration-ms="7021" status="PASS">
          <reporter-output>
          </reporter-output>
        </test-method> <!-- launchapplication -->
        <test-method signature="verifyordertest(java.util.HashMap)[pri:0, instance:POMproject.WebsiteTestingMay2023.BaseShoppingTest@359df09a]" started-at="2024-04-04T04:35:04 EDT" name="verifyordertest" data-provider="getdatasubmitjson" finished-at="2024-04-04T04:35:06 EDT" depends-on-methods="POMproject.WebsiteTestingMay2023.BaseShoppingTest.submittest" duration-ms="1696" status="PASS">
          <params>
            <param index="0">
              <value>
                <![CDATA[{countryname=bri, productname=zara coat 3, password=@Ks123456, email=jaibirsingh131213@gmail.com}]]>
              </value>
            </param>
          </params>
          <reporter-output>
          </reporter-output>
        </test-method> <!-- verifyordertest -->
        <test-method is-config="true" signature="closebrowser()[pri:0, instance:POMproject.WebsiteTestingMay2023.BaseShoppingTest@359df09a]" started-at="2024-04-04T04:35:06 EDT" name="closebrowser" finished-at="2024-04-04T04:35:06 EDT" duration-ms="221" status="PASS">
          <reporter-output>
          </reporter-output>
        </test-method> <!-- closebrowser -->
      </class> <!-- POMproject.WebsiteTestingMay2023.BaseShoppingTest -->
      <class name="POMproject.WebsiteTestingMay2023.ErrorValidationTest">
        <test-method is-config="true" signature="launchapplication()[pri:0, instance:POMproject.WebsiteTestingMay2023.ErrorValidationTest@43df23d3]" started-at="2024-04-04T04:35:06 EDT" name="launchapplication" finished-at="2024-04-04T04:35:10 EDT" duration-ms="3278" status="PASS">
          <reporter-output>
          </reporter-output>
        </test-method> <!-- launchapplication -->
        <test-method signature="producterrorvalidation()[pri:0, instance:POMproject.WebsiteTestingMay2023.ErrorValidationTest@43df23d3]" started-at="2024-04-04T04:35:10 EDT" name="producterrorvalidation" finished-at="2024-04-04T04:35:19 EDT" duration-ms="9816" status="PASS">
          <reporter-output>
          </reporter-output>
        </test-method> <!-- producterrorvalidation -->
        <test-method is-config="true" signature="closebrowser()[pri:0, instance:POMproject.WebsiteTestingMay2023.ErrorValidationTest@43df23d3]" started-at="2024-04-04T04:35:19 EDT" name="closebrowser" finished-at="2024-04-04T04:35:20 EDT" duration-ms="345" status="PASS">
          <reporter-output>
          </reporter-output>
        </test-method> <!-- closebrowser -->
        <test-method is-config="true" signature="launchapplication()[pri:0, instance:POMproject.WebsiteTestingMay2023.ErrorValidationTest@43df23d3]" started-at="2024-04-04T04:35:20 EDT" name="launchapplication" finished-at="2024-04-04T04:35:27 EDT" duration-ms="6867" status="PASS">
          <reporter-output>
          </reporter-output>
        </test-method> <!-- launchapplication -->
        <test-method signature="validateerrorcode(java.lang.String,java.lang.String)[pri:0, instance:POMproject.WebsiteTestingMay2023.ErrorValidationTest@43df23d3]" started-at="2024-04-04T04:35:27 EDT" name="validateerrorcode" data-provider="getdataerror" finished-at="2024-04-04T04:35:28 EDT" duration-ms="1703" status="PASS">
          <params>
            <param index="0">
              <value>
                <![CDATA[jaibiirsingh1312@gmail.com]]>
              </value>
            </param>
            <param index="1">
              <value>
                <![CDATA[123456]]>
              </value>
            </param>
          </params>
          <reporter-output>
          </reporter-output>
        </test-method> <!-- validateerrorcode -->
        <test-method is-config="true" signature="closebrowser()[pri:0, instance:POMproject.WebsiteTestingMay2023.ErrorValidationTest@43df23d3]" started-at="2024-04-04T04:35:28 EDT" name="closebrowser" finished-at="2024-04-04T04:35:29 EDT" duration-ms="250" status="PASS">
          <reporter-output>
          </reporter-output>
        </test-method> <!-- closebrowser -->
        <test-method is-config="true" signature="launchapplication()[pri:0, instance:POMproject.WebsiteTestingMay2023.ErrorValidationTest@43df23d3]" started-at="2024-04-04T04:35:29 EDT" name="launchapplication" finished-at="2024-04-04T04:35:35 EDT" duration-ms="6901" status="PASS">
          <reporter-output>
          </reporter-output>
        </test-method> <!-- launchapplication -->
        <test-method signature="validateerrorcode(java.lang.String,java.lang.String)[pri:0, instance:POMproject.WebsiteTestingMay2023.ErrorValidationTest@43df23d3]" started-at="2024-04-04T04:35:35 EDT" name="validateerrorcode" data-provider="getdataerror" finished-at="2024-04-04T04:35:37 EDT" duration-ms="1697" status="PASS">
          <params>
            <param index="0">
              <value>
                <![CDATA[ajibirsingh1255@gmail.com]]>
              </value>
            </param>
            <param index="1">
              <value>
                <![CDATA[12345]]>
              </value>
            </param>
          </params>
          <reporter-output>
          </reporter-output>
        </test-method> <!-- validateerrorcode -->
        <test-method is-config="true" signature="closebrowser()[pri:0, instance:POMproject.WebsiteTestingMay2023.ErrorValidationTest@43df23d3]" started-at="2024-04-04T04:35:37 EDT" name="closebrowser" finished-at="2024-04-04T04:35:37 EDT" duration-ms="225" status="PASS">
          <reporter-output>
          </reporter-output>
        </test-method> <!-- closebrowser -->
      </class> <!-- POMproject.WebsiteTestingMay2023.ErrorValidationTest -->
      <class name="cucumber.TestNgRunner1">
        <test-method is-config="true" signature="setUpClass(org.testng.ITestContext)[pri:0, instance:cucumber.TestNgRunner1@34b7ac2f]" started-at="2024-04-04T04:33:21 EDT" name="setUpClass" finished-at="2024-04-04T04:33:22 EDT" duration-ms="1124" status="PASS">
          <params>
            <param index="0">
              <value>
                <![CDATA[org.testng.TestRunner@f810c18]]>
              </value>
            </param>
          </params>
          <reporter-output>
          </reporter-output>
        </test-method> <!-- setUpClass -->
        <test-method signature="runScenario(io.cucumber.testng.PickleWrapper,io.cucumber.testng.FeatureWrapper)[pri:0, instance:cucumber.TestNgRunner1@34b7ac2f]" started-at="2024-04-04T04:33:22 EDT" name="runScenario" description="Runs Cucumber Scenarios" data-provider="scenarios" finished-at="2024-04-04T04:33:31 EDT" duration-ms="9026" status="FAIL">
          <params>
            <param index="0">
              <value>
                <![CDATA["Test for submitting the order"]]>
              </value>
            </param>
            <param index="1">
              <value>
                <![CDATA["Purchase the order from an Eccomerce website"]]>
              </value>
            </param>
          </params>
          <exception class="io.cucumber.testng.UndefinedStepException">
            <message>
              <![CDATA[The step 'Logged in using usernamejaibirsingh1312@gmail.com and password123456' and 2 other step(s) are undefined.
You can implement these steps using the snippet(s) below:

@Given("Logged in using usernamejaibirsingh1312@gmail.com and password123456")
public void logged_in_using_usernamejaibirsingh1312_gmail_com_and_password123456() {
    // Write code here that turns the phrase above into concrete actions
    throw new io.cucumber.java.PendingException();
}
@When("I add productadidas original in the cart")
public void i_add_productadidas_original_in_the_cart() {
    // Write code here that turns the phrase above into concrete actions
    throw new io.cucumber.java.PendingException();
}
@When("checkoutPage verify orderadidas original and submit order")
public void checkout_page_verify_orderadidas_original_and_submit_order() {
    // Write code here that turns the phrase above into concrete actions
    throw new io.cucumber.java.PendingException();
}
]]>
            </message>
            <full-stacktrace>
              <![CDATA[io.cucumber.testng.UndefinedStepException: The step 'Logged in using usernamejaibirsingh1312@gmail.com and password123456' and 2 other step(s) are undefined.
You can implement these steps using the snippet(s) below:

@Given("Logged in using usernamejaibirsingh1312@gmail.com and password123456")
public void logged_in_using_usernamejaibirsingh1312_gmail_com_and_password123456() {
    // Write code here that turns the phrase above into concrete actions
    throw new io.cucumber.java.PendingException();
}
@When("I add productadidas original in the cart")
public void i_add_productadidas_original_in_the_cart() {
    // Write code here that turns the phrase above into concrete actions
    throw new io.cucumber.java.PendingException();
}
@When("checkoutPage verify orderadidas original and submit order")
public void checkout_page_verify_orderadidas_original_and_submit_order() {
    // Write code here that turns the phrase above into concrete actions
    throw new io.cucumber.java.PendingException();
}

at io.cucumber.core.runtime.TestCaseResultObserver.assertTestCasePassed(TestCaseResultObserver.java:69)
at io.cucumber.testng.TestCaseResultObserver.assertTestCasePassed(TestCaseResultObserver.java:23)
at io.cucumber.testng.TestNGCucumberRunner.lambda$runScenario$1(TestNGCucumberRunner.java:133)
at io.cucumber.core.runtime.CucumberExecutionContext.lambda$runTestCase$5(CucumberExecutionContext.java:137)
at io.cucumber.core.runtime.RethrowingThrowableCollector.executeAndThrow(RethrowingThrowableCollector.java:23)
at io.cucumber.core.runtime.CucumberExecutionContext.runTestCase(CucumberExecutionContext.java:137)
at io.cucumber.testng.TestNGCucumberRunner.runScenario(TestNGCucumberRunner.java:129)
at io.cucumber.testng.AbstractTestNGCucumberTests.runScenario(AbstractTestNGCucumberTests.java:35)
at java.base/jdk.internal.reflect.DirectMethodHandleAccessor.invoke(DirectMethodHandleAccessor.java:104)
at java.base/java.lang.reflect.Method.invoke(Method.java:578)
at org.testng.internal.invokers.MethodInvocationHelper.invokeMethod(MethodInvocationHelper.java:139)
at org.testng.internal.invokers.TestInvoker.invokeMethod(TestInvoker.java:677)
at org.testng.internal.invokers.TestInvoker.invokeTestMethod(TestInvoker.java:221)
at org.testng.internal.invokers.MethodRunner.runInSequence(MethodRunner.java:50)
at org.testng.internal.invokers.TestInvoker$MethodInvocationAgent.invoke(TestInvoker.java:962)
at org.testng.internal.invokers.TestInvoker.invokeTestMethods(TestInvoker.java:194)
at org.testng.internal.invokers.TestMethodWorker.invokeTestMethods(TestMethodWorker.java:148)
at org.testng.internal.invokers.TestMethodWorker.run(TestMethodWorker.java:128)
at java.base/java.util.ArrayList.forEach(ArrayList.java:1511)
at org.testng.TestRunner.privateRun(TestRunner.java:806)
at org.testng.TestRunner.run(TestRunner.java:601)
at org.testng.SuiteRunner.runTest(SuiteRunner.java:433)
at org.testng.SuiteRunner.runSequentially(SuiteRunner.java:427)
at org.testng.SuiteRunner.privateRun(SuiteRunner.java:387)
at org.testng.SuiteRunner.run(SuiteRunner.java:330)
at org.testng.SuiteRunnerWorker.runSuite(SuiteRunnerWorker.java:52)
at org.testng.SuiteRunnerWorker.run(SuiteRunnerWorker.java:95)
at org.testng.TestNG.runSuitesSequentially(TestNG.java:1256)
at org.testng.TestNG.runSuitesLocally(TestNG.java:1176)
at org.testng.TestNG.runSuites(TestNG.java:1099)
at org.testng.TestNG.run(TestNG.java:1067)
at org.apache.maven.surefire.testng.TestNGExecutor.run(TestNGExecutor.java:135)
at org.apache.maven.surefire.testng.TestNGDirectoryTestSuite.executeMulti(TestNGDirectoryTestSuite.java:193)
at org.apache.maven.surefire.testng.TestNGDirectoryTestSuite.execute(TestNGDirectoryTestSuite.java:94)
at org.apache.maven.surefire.testng.TestNGProvider.invoke(TestNGProvider.java:146)
at org.apache.maven.surefire.booter.ForkedBooter.invokeProviderInSameClassLoader(ForkedBooter.java:384)
at org.apache.maven.surefire.booter.ForkedBooter.runSuitesInProcess(ForkedBooter.java:345)
at org.apache.maven.surefire.booter.ForkedBooter.execute(ForkedBooter.java:126)
at org.apache.maven.surefire.booter.ForkedBooter.main(ForkedBooter.java:418)
]]>
            </full-stacktrace>
          </exception> <!-- io.cucumber.testng.UndefinedStepException -->
          <reporter-output>
          </reporter-output>
        </test-method> <!-- runScenario -->
        <test-method signature="runScenario(io.cucumber.testng.PickleWrapper,io.cucumber.testng.FeatureWrapper)[pri:0, instance:cucumber.TestNgRunner1@34b7ac2f]" started-at="2024-04-04T04:33:31 EDT" name="runScenario" description="Runs Cucumber Scenarios" data-provider="scenarios" finished-at="2024-04-04T04:33:38 EDT" duration-ms="6743" status="FAIL">
          <params>
            <param index="0">
              <value>
                <![CDATA["Test for submitting the order"]]>
              </value>
            </param>
            <param index="1">
              <value>
                <![CDATA["Purchase the order from an Eccomerce website"]]>
              </value>
            </param>
          </params>
          <exception class="io.cucumber.testng.UndefinedStepException">
            <message>
              <![CDATA[The step 'Logged in using usernamejaibirsingh131213@gmail.com and password@Ks123456' and 2 other step(s) are undefined.
You can implement these steps using the snippet(s) below:

@Given("Logged in using usernamejaibirsingh131213@gmail.com and password@Ks123456")
public void logged_in_using_usernamejaibirsingh131213_gmail_com_and_password_ks123456() {
    // Write code here that turns the phrase above into concrete actions
    throw new io.cucumber.java.PendingException();
}
@When("I add productzara coat {int} in the cart")
public void i_add_productzara_coat_in_the_cart(Integer int1) {
    // Write code here that turns the phrase above into concrete actions
    throw new io.cucumber.java.PendingException();
}
@When("checkoutPage verify orderzara coat {int} and submit order")
public void checkout_page_verify_orderzara_coat_and_submit_order(Integer int1) {
    // Write code here that turns the phrase above into concrete actions
    throw new io.cucumber.java.PendingException();
}
]]>
            </message>
            <full-stacktrace>
              <![CDATA[io.cucumber.testng.UndefinedStepException: The step 'Logged in using usernamejaibirsingh131213@gmail.com and password@Ks123456' and 2 other step(s) are undefined.
You can implement these steps using the snippet(s) below:

@Given("Logged in using usernamejaibirsingh131213@gmail.com and password@Ks123456")
public void logged_in_using_usernamejaibirsingh131213_gmail_com_and_password_ks123456() {
    // Write code here that turns the phrase above into concrete actions
    throw new io.cucumber.java.PendingException();
}
@When("I add productzara coat {int} in the cart")
public void i_add_productzara_coat_in_the_cart(Integer int1) {
    // Write code here that turns the phrase above into concrete actions
    throw new io.cucumber.java.PendingException();
}
@When("checkoutPage verify orderzara coat {int} and submit order")
public void checkout_page_verify_orderzara_coat_and_submit_order(Integer int1) {
    // Write code here that turns the phrase above into concrete actions
    throw new io.cucumber.java.PendingException();
}

at io.cucumber.core.runtime.TestCaseResultObserver.assertTestCasePassed(TestCaseResultObserver.java:69)
at io.cucumber.testng.TestCaseResultObserver.assertTestCasePassed(TestCaseResultObserver.java:23)
at io.cucumber.testng.TestNGCucumberRunner.lambda$runScenario$1(TestNGCucumberRunner.java:133)
at io.cucumber.core.runtime.CucumberExecutionContext.lambda$runTestCase$5(CucumberExecutionContext.java:137)
at io.cucumber.core.runtime.RethrowingThrowableCollector.executeAndThrow(RethrowingThrowableCollector.java:23)
at io.cucumber.core.runtime.CucumberExecutionContext.runTestCase(CucumberExecutionContext.java:137)
at io.cucumber.testng.TestNGCucumberRunner.runScenario(TestNGCucumberRunner.java:129)
at io.cucumber.testng.AbstractTestNGCucumberTests.runScenario(AbstractTestNGCucumberTests.java:35)
at java.base/jdk.internal.reflect.DirectMethodHandleAccessor.invoke(DirectMethodHandleAccessor.java:104)
at java.base/java.lang.reflect.Method.invoke(Method.java:578)
at org.testng.internal.invokers.MethodInvocationHelper.invokeMethod(MethodInvocationHelper.java:139)
at org.testng.internal.invokers.TestInvoker.invokeMethod(TestInvoker.java:677)
at org.testng.internal.invokers.TestInvoker.invokeTestMethod(TestInvoker.java:221)
at org.testng.internal.invokers.MethodRunner.runInSequence(MethodRunner.java:50)
at org.testng.internal.invokers.TestInvoker$MethodInvocationAgent.invoke(TestInvoker.java:962)
at org.testng.internal.invokers.TestInvoker.invokeTestMethods(TestInvoker.java:194)
at org.testng.internal.invokers.TestMethodWorker.invokeTestMethods(TestMethodWorker.java:148)
at org.testng.internal.invokers.TestMethodWorker.run(TestMethodWorker.java:128)
at java.base/java.util.ArrayList.forEach(ArrayList.java:1511)
at org.testng.TestRunner.privateRun(TestRunner.java:806)
at org.testng.TestRunner.run(TestRunner.java:601)
at org.testng.SuiteRunner.runTest(SuiteRunner.java:433)
at org.testng.SuiteRunner.runSequentially(SuiteRunner.java:427)
at org.testng.SuiteRunner.privateRun(SuiteRunner.java:387)
at org.testng.SuiteRunner.run(SuiteRunner.java:330)
at org.testng.SuiteRunnerWorker.runSuite(SuiteRunnerWorker.java:52)
at org.testng.SuiteRunnerWorker.run(SuiteRunnerWorker.java:95)
at org.testng.TestNG.runSuitesSequentially(TestNG.java:1256)
at org.testng.TestNG.runSuitesLocally(TestNG.java:1176)
at org.testng.TestNG.runSuites(TestNG.java:1099)
at org.testng.TestNG.run(TestNG.java:1067)
at org.apache.maven.surefire.testng.TestNGExecutor.run(TestNGExecutor.java:135)
at org.apache.maven.surefire.testng.TestNGDirectoryTestSuite.executeMulti(TestNGDirectoryTestSuite.java:193)
at org.apache.maven.surefire.testng.TestNGDirectoryTestSuite.execute(TestNGDirectoryTestSuite.java:94)
at org.apache.maven.surefire.testng.TestNGProvider.invoke(TestNGProvider.java:146)
at org.apache.maven.surefire.booter.ForkedBooter.invokeProviderInSameClassLoader(ForkedBooter.java:384)
at org.apache.maven.surefire.booter.ForkedBooter.runSuitesInProcess(ForkedBooter.java:345)
at org.apache.maven.surefire.booter.ForkedBooter.execute(ForkedBooter.java:126)
at org.apache.maven.surefire.booter.ForkedBooter.main(ForkedBooter.java:418)
]]>
            </full-stacktrace>
          </exception> <!-- io.cucumber.testng.UndefinedStepException -->
          <reporter-output>
          </reporter-output>
        </test-method> <!-- runScenario -->
        <test-method is-config="true" signature="tearDownClass()[pri:0, instance:cucumber.TestNgRunner1@34b7ac2f]" started-at="2024-04-04T04:33:38 EDT" name="tearDownClass" finished-at="2024-04-04T04:33:38 EDT" duration-ms="134" status="PASS">
          <reporter-output>
          </reporter-output>
        </test-method> <!-- tearDownClass -->
      </class> <!-- cucumber.TestNgRunner1 -->
      <class name="POMproject.WebsiteTestingMay2023.IndidualTest">
        <test-method is-config="true" signature="launchapplication()[pri:0, instance:POMproject.WebsiteTestingMay2023.IndidualTest@6d60fe40]" started-at="2024-04-04T04:35:37 EDT" name="launchapplication" finished-at="2024-04-04T04:35:44 EDT" duration-ms="6704" status="PASS">
          <reporter-output>
          </reporter-output>
        </test-method> <!-- launchapplication -->
        <test-method signature="producterrorvalidation()[pri:0, instance:POMproject.WebsiteTestingMay2023.IndidualTest@6d60fe40]" started-at="2024-04-04T04:35:44 EDT" name="producterrorvalidation" finished-at="2024-04-04T04:35:51 EDT" duration-ms="6444" status="PASS">
          <reporter-output>
          </reporter-output>
        </test-method> <!-- producterrorvalidation -->
        <test-method is-config="true" signature="closebrowser()[pri:0, instance:POMproject.WebsiteTestingMay2023.IndidualTest@6d60fe40]" started-at="2024-04-04T04:35:51 EDT" name="closebrowser" finished-at="2024-04-04T04:35:51 EDT" duration-ms="391" status="PASS">
          <reporter-output>
          </reporter-output>
        </test-method> <!-- closebrowser -->
      </class> <!-- POMproject.WebsiteTestingMay2023.IndidualTest -->
    </test> <!-- Surefire test -->
  </suite> <!-- Surefire suite -->
</testng-results>
